2022-08-04 16:54:07 [32minfo[39m: [32mserver http://127.0.0.1:1234 adresinde baslatildi.[39m
2022-08-04 16:54:08 [32minfo[39m: [32mMongoDb baglantisi kuruldu.[39m
2022-08-04 17:48:51 [31merror[39m: [31mMongoDb baglanamadi.[39m
2022-08-04 17:49:01 [31merror[39m: [31mMongoDb baglanamadi.[39m
2022-08-04 17:49:43 [31merror[39m: [31m MongoDb baglanamadi.[39m
2022-08-04 17:49:56 [31merror[39m: [31m MongoDb baglanamadi.[39m
2022-08-04 17:50:17 [31merror[39m: [31m MongoDb baglanamadi.[39m
2022-08-04 20:42:39 [31merror[39m: [31m-> [POST] 500 /products/[39m
2022-08-04 20:44:36 [31merror[39m: [31m-> [POST] 500 /products/[39m
2022-08-04 20:49:39 [31merror[39m: [31m-> [POST] 500 /products/[39m
2022-08-04 20:51:16 [31merror[39m: [31m-> [POST] 500 /products/[39m
2022-08-04 20:54:03 [31merror[39m: [31m-> [POST] 500 /products/[39m
2022-08-04 20:54:11 [31merror[39m: [31m-> [POST] 500 /products/[39m
2022-08-04 20:55:46 [31merror[39m: [31m-> [POST] 500 /products/[39m
2022-08-04 20:57:02 [31merror[39m: [31m-> [POST] 500 /products/[39m
2022-08-04 21:01:07 [31merror[39m: [31m-> [POST] 500 /products/[39m
2022-08-04 21:01:08 [31merror[39m: [31m-> [POST] 500 /products/[39m
2022-08-04 21:02:09 [31merror[39m: [31m-> [POST] 500 /products/[39m
2022-08-04 21:06:22 [31merror[39m: [31m-> [POST] 500 /products/[39m
2022-08-04 21:06:58 [31merror[39m: [31m-> [POST] 500 /products/[39m
2022-08-04 21:08:04 [31merror[39m: [31m-> [POST] 500 /products/[39m
2022-08-04 22:42:05 [31merror[39m: [31m->[ERR] Auth Service : kullanici olusturma basarisiz.[39m
2022-08-04 22:42:05 [31merror[39m: [31m-> [POST] 500 /user/login[39m
2022-08-04 22:42:52 [31merror[39m: [31m->[ERR] Auth Service : kullanici girisi basarisiz.[39m
2022-08-04 22:42:52 [31merror[39m: [31m-> [POST] 500 /user/login[39m
2022-08-04 22:43:41 [31merror[39m: [31m->[ERR] Auth Service : kullanici girisi basarisiz.[39m
2022-08-04 22:43:41 [31merror[39m: [31m-> [POST] 500 /user/login[39m
2022-08-04 22:47:22 [31merror[39m: [31m->[ERR] Auth Service : giris basarisiz, userid:62ec0e661870540e14b6ef68[39m
2022-08-29 18:27:56 [31merror[39m: [31mCast to ObjectId failed for value "34" (type string) at path "_id" for model "product"[39m
2022-08-29 18:27:56 [31merror[39m: [31m-> [GET] 404 /products/34[39m
2022-08-29 18:27:59 [31merror[39m: [31mCast to ObjectId failed for value "3" (type string) at path "_id" for model "product"[39m
2022-08-29 18:27:59 [31merror[39m: [31m-> [GET] 404 /products/3[39m
2022-08-29 18:28:00 [31merror[39m: [31mCast to ObjectId failed for value "2" (type string) at path "_id" for model "product"[39m
2022-08-29 18:28:00 [31merror[39m: [31m-> [GET] 404 /products/2[39m
2022-08-29 18:28:45 [31merror[39m: [31mproduct validation failed: name: Path `name` is required., salePrice: Path `salePrice` is required.[39m
2022-08-29 18:28:47 [31merror[39m: [31mproduct validation failed: name: Path `name` is required., salePrice: Path `salePrice` is required.[39m
2022-08-29 18:34:05 [31merror[39m: [31mproduct validation failed: name: Path `name` is required., salePrice: Path `salePrice` is required.[39m
2022-08-29 18:35:29 [31merror[39m: [31m-> [POST] 500 /products/[39m
2022-08-29 18:36:40 [31merror[39m: [31m-> [POST] 500 /products/[39m
2022-08-29 18:37:14 [31merror[39m: [31mproduct validation failed: name: Path `name` is required., salePrice: Path `salePrice` is required.[39m
2022-08-29 18:40:38 [31merror[39m: [31m-> [POST] 500 /products/[39m
2022-08-29 18:46:19 [31merror[39m: [31m-> [POST] 500 /user/signin[39m
2022-08-29 21:49:22 [31merror[39m: [31m->[ERR] Auth Service : giris basarisiz, userid:630cdf942156448d8db8c5e3[39m
2022-08-29 21:49:22 [31merror[39m: [31m-> [POST] 500 /user/login[39m
2022-08-29 21:50:56 [31merror[39m: [31m->[ERR] Auth Service : giris basarisiz, userid:630cdf942156448d8db8c5e3[39m
2022-08-29 21:50:56 [31merror[39m: [31m-> [POST] 500 /user/login[39m
2022-08-29 21:52:11 [31merror[39m: [31m->[ERR] Auth Service : giris basarisiz, userid:630cdf942156448d8db8c5e3[39m
2022-08-29 21:52:11 [31merror[39m: [31m-> [POST] 500 /user/login[39m
2022-08-29 21:52:28 [31merror[39m: [31m->[ERR] Auth Service : giris basarisiz, userid:630cdf942156448d8db8c5e3[39m
2022-08-29 21:52:28 [31merror[39m: [31m-> [POST] 500 /user/login[39m
2022-08-29 21:54:09 [31merror[39m: [31m->[ERR] Auth Service : giris basarisiz, userid:630cdf942156448d8db8c5e3[39m
2022-08-29 21:54:09 [31merror[39m: [31m-> [POST] 500 /user/login[39m
2022-08-29 21:54:53 [31merror[39m: [31m->[ERR] Auth Service : giris basarisiz, userid:630d0b6bafe397db128c7cf7[39m
2022-08-29 21:54:53 [31merror[39m: [31m-> [POST] 500 /user/login[39m
2022-08-29 22:11:34 [31merror[39m: [31m->[ERR] Auth Service : giris basarisiz, userid:630d0b6bafe397db128c7cf7[39m
2022-08-29 22:11:34 [31merror[39m: [31m-> [POST] 500 /user/login[39m
2022-08-29 22:12:19 [31merror[39m: [31m->[ERR] Auth Service : giris basarisiz, userid:630d0b6bafe397db128c7cf7[39m
2022-08-29 22:12:19 [31merror[39m: [31m-> [POST] 500 /user/login[39m
2022-08-29 22:23:24 [31merror[39m: [31m-> [POST] 500 /user/login[39m
2022-08-29 22:23:30 [31merror[39m: [31m-> [POST] 500 /user/login[39m
2022-08-29 22:24:07 [31merror[39m: [31m-> [POST] 500 /user/login[39m
2022-08-29 22:24:47 [31merror[39m: [31m-> [POST] 500 /user/login[39m
2022-08-29 22:25:03 [31merror[39m: [31m-> [POST] 500 /user/login[39m
2022-08-29 22:25:17 [31merror[39m: [31m-> [POST] 500 /user/login[39m
2022-08-29 22:25:26 [31merror[39m: [31m-> [POST] 500 /user/login[39m
2022-08-29 22:26:48 [31merror[39m: [31m-> [POST] 500 /user/login[39m
2022-08-29 22:27:20 [31merror[39m: [31m-> [POST] 500 /user/login[39m
2022-08-29 22:28:15 [31merror[39m: [31m-> [POST] 500 /user/login[39m
2022-08-29 22:29:10 [31merror[39m: [31m-> [POST] 500 /user/login[39m
2022-08-29 22:29:40 [31merror[39m: [31m-> [POST] 500 /user/login[39m
2022-08-29 22:31:13 [31merror[39m: [31m-> [POST] 500 /user/login[39m
2022-08-30 21:30:55 [31merror[39m: [31m-> [POST] 500 /products/[39m
2022-08-30 21:32:56 [31merror[39m: [31m-> [POST] 500 /products/[39m
2022-08-30 21:34:10 [31merror[39m: [31m-> [POST] 500 /products/[39m
2022-08-30 21:34:12 [31merror[39m: [31m-> [POST] 500 /products/[39m
2022-08-30 21:34:12 [31merror[39m: [31m-> [POST] 500 /products/[39m
2022-08-30 21:34:44 [31merror[39m: [31m-> [POST] 500 /products/[39m
